<?xml version="1.0" encoding="UTF-8"?>
<!-- Generated by org.testng.reporters.JUnitXMLReporter -->
<testsuite ignored="0" hostname="DESKTOP-PI4GD96" failures="0" tests="6" name="Test" time="0.077" errors="0" timestamp="26 Sep 2020 14:01:04 GMT">
  <testcase classname="quickclickacedemy1.mavenjava1.RESTAPITest" name="deleteTwitter" time="0.018"/>
  <testcase classname="quickclickacedemy1.mavenjava1.RESTAPITest" name="postJira" time="0.001"/>
  <testcase classname="quickclickacedemy1.mavenjava1.AppiumTest" name="Native" time="0.0"/>
  <testcase classname="quickclickacedemy1.mavenjava1.AppiumTest" name="android" time="0.0"/>
  <testcase classname="quickclickacedemy1.mavenjava1.SeleniumTest" name="BrowserAutomation" time="0.001"/>
  <testcase classname="quickclickacedemy1.mavenjava1.SeleniumTest" name="elementUi" time="0.0"/>
</testsuite> <!-- Test -->
