<?xml version="1.0" encoding="UTF-8"?>
<testsuite xmlns:xsi="http://www.w3.org/2001/XMLSchema-instance" xsi:noNamespaceSchemaLocation="https://maven.apache.org/surefire/maven-surefire-plugin/xsd/surefire-test-report-3.0.xsd" version="3.0" name="TestSuite" time="1.841" tests="6" errors="0" skipped="0" failures="0">
  <properties>
[...]
</properties>
  <testcase name="deleteTwitter" classname="quickclickacedemy1.mavenjava1.RESTAPITest" time="0.004">
    <system-out><![CDATA[[TestNGContentHandler] [WARN] It is strongly recommended to add "<!DOCTYPE suite SYSTEM "http://testng.org/testng-1.0.dtd" >" at the top of your file, otherwise TestNG may fail or not work as expected.
twitter
]]></system-out>
  </testcase>
  <testcase name="postJira" classname="quickclickacedemy1.mavenjava1.RESTAPITest" time="0.001">
    <system-out><![CDATA[jira
]]></system-out>
  </testcase>
  <testcase name="Native" classname="quickclickacedemy1.mavenjava1.AppiumTest" time="0">
    <system-out><![CDATA[native
]]></system-out>
  </testcase>
  <testcase name="android" classname="quickclickacedemy1.mavenjava1.AppiumTest" time="0.002">
    <system-out><![CDATA[android
]]></system-out>
  </testcase>
  <testcase name="BrowserAutomation" classname="quickclickacedemy1.mavenjava1.SeleniumTest" time="0.002">
    <system-out><![CDATA[browser
]]></system-out>
  </testcase>
  <testcase name="elementUi" classname="quickclickacedemy1.mavenjava1.SeleniumTest" time="0">
    <system-out><![CDATA[ui
]]></system-out>
  </testcase>
</testsuite>