<?xml version="1.0" encoding="UTF-8"?>
<testng-results ignored="0" total="1" passed="1" failed="0" skipped="0">
  <reporter-output>
  </reporter-output>
  <suite started-at="2021-06-15T14:57:57Z" name="Default suite" finished-at="2021-06-15T15:02:17Z" duration-ms="260400">
    <groups>
    </groups>
    <test started-at="2021-06-15T14:57:57Z" name="Default test" finished-at="2021-06-15T15:02:17Z" duration-ms="260400">
      <class name="quickclickacedemy1.mavenjava1.create">
        <test-method signature="crea()[pri:0, instance:quickclickacedemy1.mavenjava1.create@14028087]" started-at="2021-06-15T14:57:57Z" name="crea" finished-at="2021-06-15T15:02:17Z" duration-ms="260346" status="PASS">
          <reporter-output>
          </reporter-output>
        </test-method> <!-- crea -->
      </class> <!-- quickclickacedemy1.mavenjava1.create -->
    </test> <!-- Default test -->
  </suite> <!-- Default suite -->
</testng-results>
